<?xml version="1.0" encoding="UTF-8"?>
<testsuite name="com.ata.lambdaexpressions.classroom.Phase4Test" tests="3" skipped="0" failures="0" errors="0" timestamp="2025-01-08T12:36:16" hostname="DESKTOP-2F9TN2V" time="2.569">
  <properties/>
  <testcase name="prepareFlavors_oneFlavor_prepareIceCreamCartonReceivesCorrectIngredients()" classname="com.ata.lambdaexpressions.classroom.Phase4Test" time="2.142"/>
  <testcase name="prepareFlavors_multipleFlavors_returnsCorrectNumberOfCartons()" classname="com.ata.lambdaexpressions.classroom.Phase4Test" time="0.087"/>
  <testcase name="iceCreamMaker_prepareIceCreamCarton_callsFunctionalInterface()" classname="com.ata.lambdaexpressions.classroom.Phase4Test" time="0.333"/>
  <system-out><![CDATA[Mixing ingredients: [CREAM, SUGAR, EGGS, CHOCOLATE]
Freezing!
Mixing ingredients: [CREAM, SUGAR, EGGS, VANILLA]
Freezing!
Mixing ingredients: [CREAM, SUGAR, EGGS, STRAWBERRIES]
Freezing!
Mixing ingredients: [CHOCOLATE, EGGS]
Freezing!
]]></system-out>
  <system-err><![CDATA[]]></system-err>
</testsuite>
